Java HotSpot(TM) 64-Bit Server VM (25.40-b25) for windows-amd64 JRE (1.8.0_40-b26), built on Mar  7 2015 13:51:59 by "java_re" with MS VC++ 10.0 (VS2010)
Memory: 4k page, physical 7945004k(911528k free), swap 16637972k(1941052k free)
CommandLine flags: -XX:InitialHeapSize=268435456 -XX:MaxHeapSize=268435456 -XX:+ParallelRefProcEnabled -XX:+PrintGC -XX:+PrintGCDateStamps -XX:+PrintGCDetails -XX:+PrintGCTimeStamps -XX:+UseCompressedClassPointers -XX:+UseCompressedOops -XX:+UseG1GC -XX:-UseLargePagesIndividualAllocation 
2015-10-14T12:10:20.743+0200: 0.304: [GC pause (G1 Evacuation Pause) (young), 0.0034453 secs]
   [Parallel Time: 1.7 ms, GC Workers: 8]
      [GC Worker Start (ms): Min: 304.1, Avg: 305.1, Max: 305.7, Diff: 1.6]
      [Ext Root Scanning (ms): Min: 0.0, Avg: 0.1, Max: 0.5, Diff: 0.5, Sum: 0.9]
      [Update RS (ms): Min: 0.0, Avg: 0.0, Max: 0.0, Diff: 0.0, Sum: 0.0]
         [Processed Buffers: Min: 0, Avg: 0.0, Max: 0, Diff: 0, Sum: 0]
      [Scan RS (ms): Min: 0.0, Avg: 0.0, Max: 0.0, Diff: 0.0, Sum: 0.0]
      [Code Root Scanning (ms): Min: 0.0, Avg: 0.0, Max: 0.1, Diff: 0.1, Sum: 0.2]
      [Object Copy (ms): Min: 0.0, Avg: 0.3, Max: 0.9, Diff: 0.9, Sum: 2.5]
      [Termination (ms): Min: 0.0, Avg: 0.1, Max: 0.2, Diff: 0.2, Sum: 1.0]
      [GC Worker Other (ms): Min: 0.0, Avg: 0.0, Max: 0.0, Diff: 0.0, Sum: 0.1]
      [GC Worker Total (ms): Min: 0.0, Avg: 0.6, Max: 1.6, Diff: 1.6, Sum: 4.6]
      [GC Worker End (ms): Min: 305.7, Avg: 305.7, Max: 305.7, Diff: 0.0]
   [Code Root Fixup: 0.0 ms]
   [Code Root Purge: 0.0 ms]
   [Clear CT: 0.0 ms]
   [Other: 1.7 ms]
      [Choose CSet: 0.0 ms]
      [Ref Proc: 1.5 ms]
      [Ref Enq: 0.0 ms]
      [Redirty Cards: 0.0 ms]
      [Humongous Reclaim: 0.0 ms]
      [Free CSet: 0.0 ms]
   [Eden: 12.0M(12.0M)->0.0B(30.0M) Survivors: 0.0B->2048.0K Heap: 12.0M(256.0M)->2972.5K(256.0M)]
 [Times: user=0.00 sys=0.00, real=0.00 secs] 
2015-10-14T12:10:21.484+0200: 1.045: [GC pause (G1 Evacuation Pause) (young), 0.0058932 secs]
   [Parallel Time: 3.4 ms, GC Workers: 8]
      [GC Worker Start (ms): Min: 1045.4, Avg: 1045.4, Max: 1045.5, Diff: 0.0]
      [Ext Root Scanning (ms): Min: 0.3, Avg: 0.8, Max: 2.9, Diff: 2.6, Sum: 6.6]
      [Update RS (ms): Min: 0.0, Avg: 0.0, Max: 0.1, Diff: 0.1, Sum: 0.2]
         [Processed Buffers: Min: 0, Avg: 0.6, Max: 2, Diff: 2, Sum: 5]
      [Scan RS (ms): Min: 0.0, Avg: 0.0, Max: 0.0, Diff: 0.0, Sum: 0.0]
      [Code Root Scanning (ms): Min: 0.0, Avg: 0.6, Max: 2.7, Diff: 2.7, Sum: 5.2]
      [Object Copy (ms): Min: 0.0, Avg: 1.4, Max: 2.4, Diff: 2.4, Sum: 11.1]
      [Termination (ms): Min: 0.0, Avg: 0.5, Max: 0.5, Diff: 0.5, Sum: 3.6]
      [GC Worker Other (ms): Min: 0.0, Avg: 0.0, Max: 0.0, Diff: 0.0, Sum: 0.0]
      [GC Worker Total (ms): Min: 3.3, Avg: 3.4, Max: 3.4, Diff: 0.0, Sum: 26.8]
      [GC Worker End (ms): Min: 1048.8, Avg: 1048.8, Max: 1048.8, Diff: 0.0]
   [Code Root Fixup: 0.1 ms]
   [Code Root Purge: 0.0 ms]
   [Clear CT: 0.0 ms]
   [Other: 2.3 ms]
      [Choose CSet: 0.0 ms]
      [Ref Proc: 2.1 ms]
      [Ref Enq: 0.0 ms]
      [Redirty Cards: 0.0 ms]
      [Humongous Reclaim: 0.0 ms]
      [Free CSet: 0.0 ms]
   [Eden: 30.0M(30.0M)->0.0B(149.0M) Survivors: 2048.0K->4096.0K Heap: 32.9M(256.0M)->11.7M(256.0M)]
 [Times: user=0.08 sys=0.02, real=0.01 secs] 
2015-10-14T12:10:22.292+0200: 1.853: [GC pause (Metadata GC Threshold) (young) (initial-mark), 0.0085205 secs]
   [Parallel Time: 4.8 ms, GC Workers: 8]
      [GC Worker Start (ms): Min: 1853.5, Avg: 1853.8, Max: 1854.1, Diff: 0.6]
      [Ext Root Scanning (ms): Min: 0.3, Avg: 0.6, Max: 1.0, Diff: 0.7, Sum: 4.5]
      [Update RS (ms): Min: 0.0, Avg: 0.0, Max: 0.2, Diff: 0.2, Sum: 0.2]
         [Processed Buffers: Min: 0, Avg: 1.0, Max: 4, Diff: 4, Sum: 8]
      [Scan RS (ms): Min: 0.0, Avg: 0.1, Max: 0.2, Diff: 0.2, Sum: 0.8]
      [Code Root Scanning (ms): Min: 0.0, Avg: 1.2, Max: 3.6, Diff: 3.6, Sum: 9.9]
      [Object Copy (ms): Min: 0.3, Avg: 2.5, Max: 3.9, Diff: 3.6, Sum: 19.7]
      [Termination (ms): Min: 0.0, Avg: 0.0, Max: 0.1, Diff: 0.1, Sum: 0.3]
      [GC Worker Other (ms): Min: 0.0, Avg: 0.0, Max: 0.0, Diff: 0.0, Sum: 0.0]
      [GC Worker Total (ms): Min: 4.1, Avg: 4.4, Max: 4.7, Diff: 0.6, Sum: 35.4]
      [GC Worker End (ms): Min: 1858.2, Avg: 1858.2, Max: 1858.2, Diff: 0.1]
   [Code Root Fixup: 0.2 ms]
   [Code Root Purge: 0.0 ms]
   [Clear CT: 0.2 ms]
   [Other: 3.3 ms]
      [Choose CSet: 0.0 ms]
      [Ref Proc: 3.0 ms]
      [Ref Enq: 0.1 ms]
      [Redirty Cards: 0.0 ms]
      [Humongous Reclaim: 0.0 ms]
      [Free CSet: 0.1 ms]
   [Eden: 37.0M(149.0M)->0.0B(136.0M) Survivors: 4096.0K->17.0M Heap: 48.7M(256.0M)->24.1M(256.0M)]
 [Times: user=0.03 sys=0.05, real=0.01 secs] 
2015-10-14T12:10:22.301+0200: 1.862: [GC concurrent-root-region-scan-start]
2015-10-14T12:10:22.305+0200: 1.867: [GC concurrent-root-region-scan-end, 0.0044495 secs]
2015-10-14T12:10:22.305+0200: 1.867: [GC concurrent-mark-start]
2015-10-14T12:10:22.305+0200: 1.867: [GC concurrent-mark-end, 0.0001148 secs]
2015-10-14T12:10:22.306+0200: 1.867: [GC remark 1.867: [Finalize Marking, 0.0003166 secs] 1.867: [GC ref-proc, 0.0015923 secs] 1.869: [Unloading, 0.0018519 secs], 0.0039805 secs]
 [Times: user=0.00 sys=0.00, real=0.00 secs] 
2015-10-14T12:10:22.310+0200: 1.871: [GC cleanup 25M->19M(256M), 0.0005367 secs]
 [Times: user=0.00 sys=0.00, real=0.00 secs] 
2015-10-14T12:10:22.311+0200: 1.872: [GC concurrent-cleanup-start]
2015-10-14T12:10:22.311+0200: 1.872: [GC concurrent-cleanup-end, 0.0000118 secs]
2015-10-14T12:10:22.451+0200: 2.012: [Full GC (System.gc())  33M->7487K(256M), 0.0256888 secs]
   [Eden: 15.0M(136.0M)->0.0B(153.0M) Survivors: 17.0M->0.0B Heap: 33.1M(256.0M)->7487.5K(256.0M)], [Metaspace: 23443K->23431K(1069056K)]
 [Times: user=0.06 sys=0.00, real=0.03 secs] 
2015-10-14T12:10:22.477+0200: 2.038: [Full GC (System.gc())  7487K->7487K(256M), 0.0204273 secs]
   [Eden: 0.0B(153.0M)->0.0B(153.0M) Survivors: 0.0B->0.0B Heap: 7487.5K(256.0M)->7487.5K(256.0M)], [Metaspace: 23431K->23431K(1069056K)]
 [Times: user=0.08 sys=0.00, real=0.02 secs] 
2015-10-14T12:10:22.497+0200: 2.059: [Full GC (System.gc())  7487K->7487K(256M), 0.0177179 secs]
   [Eden: 0.0B(153.0M)->0.0B(153.0M) Survivors: 0.0B->0.0B Heap: 7487.5K(256.0M)->7487.5K(256.0M)], [Metaspace: 23431K->23431K(1069056K)]
 [Times: user=0.01 sys=0.00, real=0.02 secs] 
