com.gatling.demo.gatling.setup.Demo	demo	RUN	1441404179037	 	2.0
acceptanceTestScenario	3729616396299947772-0	USER	START	1441404179105	0
acceptanceTestScenario	3729616396299947772-0	REQUEST		Hello world	1441404179148	1441404179164	1441404179185	1441404179185	OK	 
acceptanceTestScenario	3729616396299947772-0	REQUEST		Post People	1441404179316	1441404179319	1441404179342	1441404179342	OK	 
acceptanceTestScenario	3729616396299947772-0	REQUEST		Get People	1441404179350	1441404179352	1441404179370	1441404179370	OK	 
acceptanceTestScenario	3729616396299947772-0	USER	END	1441404179105	1441404179377
acceptanceTestScenario	3729616396299947772-1	USER	START	1441404180125	0
acceptanceTestScenario	3729616396299947772-1	REQUEST		Hello world	1441404180127	1441404180142	1441404180162	1441404180162	OK	 
acceptanceTestScenario	3729616396299947772-1	REQUEST		Post People	1441404180165	1441404180166	1441404180184	1441404180184	OK	 
acceptanceTestScenario	3729616396299947772-1	REQUEST		Get People	1441404180186	1441404180187	1441404180206	1441404180206	OK	 
acceptanceTestScenario	3729616396299947772-1	USER	END	1441404180125	1441404180208
acceptanceTestScenario	3729616396299947772-2	USER	START	1441404181116	0
acceptanceTestScenario	3729616396299947772-2	REQUEST		Hello world	1441404181117	1441404181138	1441404181160	1441404181160	OK	 
acceptanceTestScenario	3729616396299947772-2	REQUEST		Post People	1441404181163	1441404181164	1441404181188	1441404181188	OK	 
acceptanceTestScenario	3729616396299947772-2	REQUEST		Get People	1441404181191	1441404181192	1441404181215	1441404181215	OK	 
acceptanceTestScenario	3729616396299947772-2	USER	END	1441404181116	1441404181218
acceptanceTestScenario	3729616396299947772-3	USER	START	1441404182116	0
acceptanceTestScenario	3729616396299947772-3	REQUEST		Hello world	1441404182118	1441404182134	1441404182157	1441404182157	OK	 
acceptanceTestScenario	3729616396299947772-3	REQUEST		Post People	1441404182160	1441404182161	1441404182182	1441404182182	OK	 
acceptanceTestScenario	3729616396299947772-3	REQUEST		Get People	1441404182185	1441404182186	1441404182225	1441404182225	OK	 
acceptanceTestScenario	3729616396299947772-3	USER	END	1441404182116	1441404182228
acceptanceTestScenario	3729616396299947772-4	USER	START	1441404183097	0
acceptanceTestScenario	3729616396299947772-4	REQUEST		Hello world	1441404183098	1441404183118	1441404183137	1441404183137	OK	 
acceptanceTestScenario	3729616396299947772-4	REQUEST		Post People	1441404183140	1441404183141	1441404183162	1441404183162	OK	 
acceptanceTestScenario	3729616396299947772-4	REQUEST		Get People	1441404183165	1441404183166	1441404183185	1441404183185	OK	 
acceptanceTestScenario	3729616396299947772-4	USER	END	1441404183097	1441404183188
acceptanceTestScenario	3729616396299947772-5	USER	START	1441404184086	0
acceptanceTestScenario	3729616396299947772-5	REQUEST		Hello world	1441404184087	1441404184109	1441404184132	1441404184132	OK	 
acceptanceTestScenario	3729616396299947772-5	REQUEST		Post People	1441404184136	1441404184137	1441404184160	1441404184160	OK	 
acceptanceTestScenario	3729616396299947772-5	REQUEST		Get People	1441404184162	1441404184163	1441404184186	1441404184186	OK	 
acceptanceTestScenario	3729616396299947772-5	USER	END	1441404184086	1441404184188
acceptanceTestScenario	3729616396299947772-6	USER	START	1441404185067	0
acceptanceTestScenario	3729616396299947772-6	REQUEST		Hello world	1441404185069	1441404185092	1441404185114	1441404185114	OK	 
acceptanceTestScenario	3729616396299947772-6	REQUEST		Post People	1441404185116	1441404185117	1441404185139	1441404185139	OK	 
acceptanceTestScenario	3729616396299947772-6	REQUEST		Get People	1441404185142	1441404185143	1441404185163	1441404185163	OK	 
acceptanceTestScenario	3729616396299947772-6	USER	END	1441404185067	1441404185166
acceptanceTestScenario	3729616396299947772-7	USER	START	1441404186046	0
acceptanceTestScenario	3729616396299947772-7	REQUEST		Hello world	1441404186047	1441404186063	1441404186089	1441404186089	OK	 
acceptanceTestScenario	3729616396299947772-7	REQUEST		Post People	1441404186094	1441404186095	1441404186115	1441404186115	OK	 
acceptanceTestScenario	3729616396299947772-7	REQUEST		Get People	1441404186117	1441404186118	1441404186141	1441404186141	OK	 
acceptanceTestScenario	3729616396299947772-7	USER	END	1441404186046	1441404186145
acceptanceTestScenario	3729616396299947772-8	USER	START	1441404187025	0
acceptanceTestScenario	3729616396299947772-8	REQUEST		Hello world	1441404187027	1441404187052	1441404187076	1441404187076	OK	 
acceptanceTestScenario	3729616396299947772-8	REQUEST		Post People	1441404187079	1441404187079	1441404187099	1441404187099	OK	 
acceptanceTestScenario	3729616396299947772-8	REQUEST		Get People	1441404187102	1441404187103	1441404187129	1441404187129	OK	 
acceptanceTestScenario	3729616396299947772-8	USER	END	1441404187025	1441404187131
acceptanceTestScenario	3729616396299947772-9	USER	START	1441404187997	0
acceptanceTestScenario	3729616396299947772-9	REQUEST		Hello world	1441404187998	1441404188018	1441404188038	1441404188038	OK	 
acceptanceTestScenario	3729616396299947772-9	REQUEST		Post People	1441404188042	1441404188049	1441404188075	1441404188075	OK	 
acceptanceTestScenario	3729616396299947772-9	REQUEST		Get People	1441404188083	1441404188091	1441404188111	1441404188111	OK	 
acceptanceTestScenario	3729616396299947772-9	USER	END	1441404187997	1441404188114
acceptanceTestScenario	3729616396299947772-10	USER	START	1441404188966	0
acceptanceTestScenario	3729616396299947772-10	REQUEST		Hello world	1441404188967	1441404188984	1441404189003	1441404189003	OK	 
acceptanceTestScenario	3729616396299947772-10	REQUEST		Post People	1441404189006	1441404189006	1441404189031	1441404189031	OK	 
acceptanceTestScenario	3729616396299947772-10	REQUEST		Get People	1441404189033	1441404189034	1441404189064	1441404189064	OK	 
acceptanceTestScenario	3729616396299947772-10	USER	END	1441404188966	1441404189066
acceptanceTestScenario	3729616396299947772-11	USER	START	1441404189936	0
acceptanceTestScenario	3729616396299947772-11	REQUEST		Hello world	1441404189937	1441404189953	1441404189971	1441404189971	OK	 
acceptanceTestScenario	3729616396299947772-11	REQUEST		Post People	1441404189973	1441404189974	1441404189993	1441404189993	OK	 
acceptanceTestScenario	3729616396299947772-11	REQUEST		Get People	1441404189995	1441404189997	1441404190017	1441404190017	OK	 
acceptanceTestScenario	3729616396299947772-11	USER	END	1441404189936	1441404190019
acceptanceTestScenario	3729616396299947772-12	USER	START	1441404190895	0
acceptanceTestScenario	3729616396299947772-12	REQUEST		Hello world	1441404190896	1441404190914	1441404190935	1441404190935	OK	 
acceptanceTestScenario	3729616396299947772-12	REQUEST		Post People	1441404190938	1441404190939	1441404190959	1441404190959	OK	 
acceptanceTestScenario	3729616396299947772-12	REQUEST		Get People	1441404190962	1441404190963	1441404190986	1441404190986	OK	 
acceptanceTestScenario	3729616396299947772-12	USER	END	1441404190895	1441404190988
acceptanceTestScenario	3729616396299947772-13	USER	START	1441404191856	0
acceptanceTestScenario	3729616396299947772-13	REQUEST		Hello world	1441404191857	1441404191874	1441404191925	1441404191925	OK	 
acceptanceTestScenario	3729616396299947772-13	REQUEST		Post People	1441404191928	1441404191928	1441404191988	1441404191988	OK	 
acceptanceTestScenario	3729616396299947772-13	REQUEST		Get People	1441404191991	1441404191991	1441404192014	1441404192014	OK	 
acceptanceTestScenario	3729616396299947772-13	USER	END	1441404191856	1441404192016
acceptanceTestScenario	3729616396299947772-14	USER	START	1441404192806	0
acceptanceTestScenario	3729616396299947772-14	REQUEST		Hello world	1441404192807	1441404192828	1441404192850	1441404192850	OK	 
acceptanceTestScenario	3729616396299947772-14	REQUEST		Post People	1441404192853	1441404192854	1441404192876	1441404192876	OK	 
acceptanceTestScenario	3729616396299947772-14	REQUEST		Get People	1441404192879	1441404192879	1441404192902	1441404192902	OK	 
acceptanceTestScenario	3729616396299947772-14	USER	END	1441404192806	1441404192904
acceptanceTestScenario	3729616396299947772-15	USER	START	1441404193767	0
acceptanceTestScenario	3729616396299947772-15	REQUEST		Hello world	1441404193768	1441404193784	1441404193804	1441404193804	OK	 
